
> @carelink/platform@ build /Users/danish/Downloads/carelink_monorepo_stage1_plus_ci_v9/apps/platform
> next build

  ▲ Next.js 14.2.5
  - Environments: .env

   Creating an optimized production build ...
 ✓ Compiled successfully
   Linting and checking validity of types ...
   Collecting page data ...
   Generating static pages (0/11) ...
   Generating static pages (2/11) 
   Generating static pages (5/11) 
   Generating static pages (8/11) 
 ✓ Generating static pages (11/11)
   Finalizing page optimization ...
   Collecting build traces ...

Route (app)                              Size     First Load JS
┌ ○ /                                    148 B          87.2 kB
├ ○ /_not-found                          871 B          87.9 kB
├ ƒ /api/auth/login                      0 B                0 B
├ ƒ /api/auth/logout                     0 B                0 B
├ ƒ /api/diag                            0 B                0 B
├ ƒ /api/throw                           0 B                0 B
├ ƒ /api/upload                          0 B                0 B
├ ○ /api/version                         0 B                0 B
├ ƒ /dashboard                           148 B          87.2 kB
└ ○ /login                               148 B          87.2 kB
+ First Load JS shared by all            87 kB
  ├ chunks/572-0f960ffc8273291f.js       31.5 kB
  ├ chunks/93460e72-b7d37fff6ac16aa3.js  53.6 kB
  └ other shared chunks (total)          1.84 kB


ƒ Middleware                             32.5 kB

○  (Static)   prerendered as static content
ƒ  (Dynamic)  server-rendered on demand

